2025-11-08 14:33:46,710 INFO moder_telegram.app: Starting polling
2025-11-08 14:33:46,711 INFO aiogram.dispatcher: Start polling
2025-11-08 14:33:46,730 INFO aiogram.dispatcher: Run polling for bot @moderator225_bot id=8347106464 - 'moderator'
2025-11-08 14:33:54,100 INFO aiogram.event: Update id=868518947 is handled. Duration 63 ms by bot id=8347106464
2025-11-08 14:48:58,054 WARNING aiogram.dispatcher: Received SIGINT signal
2025-11-08 14:48:58,055 INFO aiogram.dispatcher: Polling stopped for bot @moderator225_bot id=8347106464 - 'moderator'
2025-11-08 14:48:58,055 INFO aiogram.dispatcher: Polling stopped
2025-11-08 14:49:02,039 INFO moder_telegram.app: Starting polling
2025-11-08 14:49:02,040 INFO aiogram.dispatcher: Start polling
2025-11-08 14:49:02,073 INFO aiogram.dispatcher: Run polling for bot @moderator225_bot id=8347106464 - 'moderator'
2025-11-08 14:49:26,044 INFO aiogram.event: Update id=868518948 is handled. Duration 54 ms by bot id=8347106464
2025-11-08 15:21:08,988 WARNING aiogram.dispatcher: Received SIGINT signal
2025-11-08 15:21:08,988 INFO aiogram.dispatcher: Polling stopped for bot @moderator225_bot id=8347106464 - 'moderator'
2025-11-08 15:21:08,988 INFO aiogram.dispatcher: Polling stopped
2025-11-08 15:25:45,115 INFO moder_telegram.app: Starting polling
2025-11-08 15:25:45,116 INFO aiogram.dispatcher: Start polling
2025-11-08 15:25:45,134 INFO aiogram.dispatcher: Run polling for bot @moderator225_bot id=8347106464 - 'moderator'
2025-11-08 15:27:13,065 INFO aiogram.event: Update id=868518949 is handled. Duration 40 ms by bot id=8347106464
2025-11-08 15:27:58,345 INFO aiogram.event: Update id=868518950 is handled. Duration 0 ms by bot id=8347106464
2025-11-08 15:29:20,530 INFO aiogram.event: Update id=868518951 is handled. Duration 0 ms by bot id=8347106464
2025-11-08 15:30:22,224 WARNING aiogram.dispatcher: Received SIGINT signal
2025-11-08 15:30:22,225 INFO aiogram.dispatcher: Polling stopped for bot @moderator225_bot id=8347106464 - 'moderator'
2025-11-08 15:30:22,225 INFO aiogram.dispatcher: Polling stopped
2025-11-08 15:31:42,083 INFO moder_telegram.app: Starting polling
2025-11-08 15:31:42,084 INFO aiogram.dispatcher: Start polling
2025-11-08 15:31:42,114 INFO aiogram.dispatcher: Run polling for bot @moderator225_bot id=8347106464 - 'moderator'
2025-11-09 01:12:01,517 INFO moder_telegram.app: Starting polling
2025-11-09 01:12:01,518 INFO aiogram.dispatcher: Start polling
2025-11-09 01:12:01,561 INFO aiogram.dispatcher: Run polling for bot @moderator225_bot id=8347106464 - 'moderator'
2025-11-09 01:12:01,568 INFO aiogram.event: Update id=868518952 is handled. Duration 0 ms by bot id=8347106464
2025-11-09 01:12:18,081 INFO aiogram.event: Update id=868518953 is handled. Duration 54 ms by bot id=8347106464
2025-11-09 01:12:39,997 INFO aiogram.event: Update id=868518954 is handled. Duration 35 ms by bot id=8347106464
2025-11-09 01:12:49,113 INFO aiogram.event: Update id=868518955 is handled. Duration 0 ms by bot id=8347106464
2025-11-09 01:13:10,446 INFO aiogram.event: Update id=868518956 is handled. Duration 44 ms by bot id=8347106464
2025-11-09 01:13:15,481 INFO aiogram.event: Update id=868518957 is handled. Duration 42 ms by bot id=8347106464
2025-11-09 01:13:16,155 INFO aiogram.event: Update id=868518958 is handled. Duration 41 ms by bot id=8347106464
2025-11-09 01:13:16,889 INFO aiogram.event: Update id=868518959 is handled. Duration 40 ms by bot id=8347106464
2025-11-09 01:13:17,455 INFO aiogram.event: Update id=868518960 is handled. Duration 35 ms by bot id=8347106464
2025-11-09 01:13:18,045 INFO aiogram.event: Update id=868518961 is handled. Duration 49 ms by bot id=8347106464
2025-11-09 01:13:19,050 INFO aiogram.event: Update id=868518962 is handled. Duration 53 ms by bot id=8347106464
2025-11-09 01:14:01,678 INFO moder_telegram.app: Admin 6209247387 warned user 6209247387 (total=1)
2025-11-09 01:14:01,678 INFO aiogram.event: Update id=868518963 is handled. Duration 31 ms by bot id=8347106464
2025-11-09 01:14:22,264 INFO aiogram.event: Update id=868518964 is handled. Duration 27 ms by bot id=8347106464
2025-11-09 11:24:17,199 INFO moder_telegram.app: Starting polling
2025-11-09 11:24:17,199 INFO aiogram.dispatcher: Start polling
2025-11-09 11:24:17,242 INFO aiogram.dispatcher: Run polling for bot @moderator225_bot id=8347106464 - 'moderator'
2025-11-09 11:24:55,287 INFO aiogram.event: Update id=868518965 is handled. Duration 88 ms by bot id=8347106464
2025-11-09 11:25:02,070 INFO aiogram.event: Update id=868518966 is handled. Duration 0 ms by bot id=8347106464
2025-11-09 11:25:02,469 INFO aiogram.event: Update id=868518967 is handled. Duration 1 ms by bot id=8347106464
2025-11-09 11:26:13,015 INFO moder_telegram.app: Admin 6209247387 muted user 6209247387
2025-11-09 11:26:13,015 INFO aiogram.event: Update id=868518968 is handled. Duration 36 ms by bot id=8347106464
2025-11-09 11:26:16,529 INFO aiogram.event: Update id=868518969 is handled. Duration 0 ms by bot id=8347106464
2025-11-09 11:26:18,364 INFO aiogram.event: Update id=868518970 is handled. Duration 108 ms by bot id=8347106464
2025-11-09 11:26:19,841 INFO aiogram.event: Update id=868518971 is handled. Duration 114 ms by bot id=8347106464
2025-11-09 11:26:31,434 INFO moder_telegram.app: Admin 6209247387 unmuted user 6209247387
2025-11-09 11:26:31,435 INFO aiogram.event: Update id=868518972 is handled. Duration 77 ms by bot id=8347106464
2025-11-09 11:29:36,446 INFO aiogram.event: Update id=868518973 is handled. Duration 30 ms by bot id=8347106464
2025-11-09 11:35:35,402 INFO aiogram.event: Update id=868518974 is handled. Duration 105 ms by bot id=8347106464
2025-11-10 13:41:21,732 INFO moder_telegram.app: Starting polling
2025-11-10 13:41:21,733 INFO aiogram.dispatcher: Start polling
2025-11-10 13:41:21,756 INFO aiogram.dispatcher: Run polling for bot @moderator225_bot id=8347106464 - 'moderator'
2025-11-10 13:41:24,683 WARNING aiogram.dispatcher: Received SIGINT signal
2025-11-10 13:41:24,684 INFO aiogram.dispatcher: Polling stopped for bot @moderator225_bot id=8347106464 - 'moderator'
2025-11-10 13:41:24,684 INFO aiogram.dispatcher: Polling stopped
2025-11-10 13:41:41,913 INFO moder_telegram.app: Starting polling
2025-11-10 13:41:41,913 INFO aiogram.dispatcher: Start polling
2025-11-10 13:41:41,941 INFO aiogram.dispatcher: Run polling for bot @moderator225_bot id=8347106464 - 'moderator'
2025-11-10 13:43:11,651 INFO aiogram.event: Update id=868518975 is handled. Duration 1 ms by bot id=8347106464
2025-11-10 13:43:23,435 INFO aiogram.event: Update id=868518976 is handled. Duration 0 ms by bot id=8347106464
2025-11-10 13:43:23,436 INFO aiogram.event: Update id=868518977 is handled. Duration 1 ms by bot id=8347106464
2025-11-10 13:44:14,136 INFO aiogram.event: Update id=868518978 is handled. Duration 0 ms by bot id=8347106464
2025-11-10 13:44:24,938 INFO aiogram.event: Update id=868518979 is handled. Duration 0 ms by bot id=8347106464
2025-11-10 13:44:35,673 INFO aiogram.event: Update id=868518980 is handled. Duration 54 ms by bot id=8347106464
2025-11-10 13:46:31,173 WARNING aiogram.dispatcher: Received SIGINT signal
2025-11-10 13:46:31,173 INFO aiogram.dispatcher: Polling stopped for bot @moderator225_bot id=8347106464 - 'moderator'
2025-11-10 13:46:31,174 INFO aiogram.dispatcher: Polling stopped
2025-11-10 13:46:54,520 INFO moder_telegram.app: Starting polling
2025-11-10 13:46:54,521 INFO aiogram.dispatcher: Start polling
2025-11-10 13:46:54,557 INFO aiogram.dispatcher: Run polling for bot @moderator225_bot id=8347106464 - 'moderator'
2025-11-10 13:47:01,592 INFO aiogram.event: Update id=868518981 is handled. Duration 0 ms by bot id=8347106464
2025-11-10 13:47:13,959 INFO aiogram.event: Update id=868518982 is handled. Duration 207 ms by bot id=8347106464
2025-11-10 13:47:47,814 INFO aiogram.event: Update id=868518983 is handled. Duration 96 ms by bot id=8347106464
2025-11-10 13:47:54,880 WARNING aiogram.dispatcher: Received SIGINT signal
2025-11-10 13:47:54,880 INFO aiogram.dispatcher: Polling stopped for bot @moderator225_bot id=8347106464 - 'moderator'
2025-11-10 13:47:54,881 INFO aiogram.dispatcher: Polling stopped
